# JRE version: Java(TM) SE Runtime Environment (8.0_291-b10) (build 1.8.0_291-b10)
# Java VM: Java HotSpot(TM) 64-Bit Server VM (25.291-b10 mixed mode windows-amd64 compressed oops)
Heap:
 PSYoungGen      total 75264K, used 54380K [0x000000076c400000, 0x0000000773400000, 0x00000007c0000000)
  eden space 64512K, 78% used [0x000000076c400000,0x000000076f5666f8,0x0000000770300000)
  from space 10752K, 35% used [0x0000000770300000,0x00000007706b4c88,0x0000000770d80000)
  to   space 10752K, 0% used [0x0000000772980000,0x0000000772980000,0x0000000773400000)
 ParOldGen       total 112128K, used 9813K [0x00000006c4c00000, 0x00000006cb980000, 0x000000076c400000)
  object space 112128K, 8% used [0x00000006c4c00000,0x00000006c5595628,0x00000006cb980000)
 Metaspace       used 25226K, capacity 26996K, committed 27312K, reserved 1073152K
  class space    used 3303K, capacity 3650K, committed 3760K, reserved 1048576K
GC Heap History (8 events):
Event: 0.663 GC heap before
{Heap before GC invocations=1 (full 0):
 PSYoungGen      total 75264K, used 64512K [0x000000076c400000, 0x0000000771800000, 0x00000007c0000000)
  eden space 64512K, 100% used [0x000000076c400000,0x0000000770300000,0x0000000770300000)
  from space 10752K, 0% used [0x0000000770d80000,0x0000000770d80000,0x0000000771800000)
  to   space 10752K, 0% used [0x0000000770300000,0x0000000770300000,0x0000000770d80000)
 ParOldGen       total 172032K, used 0K [0x00000006c4c00000, 0x00000006cf400000, 0x000000076c400000)
  object space 172032K, 0% used [0x00000006c4c00000,0x00000006c4c00000,0x00000006cf400000)
 Metaspace       used 12864K, capacity 13772K, committed 13952K, reserved 1060864K
  class space    used 1633K, capacity 1842K, committed 1920K, reserved 1048576K
Event: 0.669 GC heap after
Heap after GC invocations=1 (full 0):
 PSYoungGen      total 75264K, used 7639K [0x000000076c400000, 0x0000000771800000, 0x00000007c0000000)
  eden space 64512K, 0% used [0x000000076c400000,0x000000076c400000,0x0000000770300000)
  from space 10752K, 71% used [0x0000000770300000,0x0000000770a75c00,0x0000000770d80000)
  to   space 10752K, 0% used [0x0000000770d80000,0x0000000770d80000,0x0000000771800000)
 ParOldGen       total 172032K, used 24K [0x00000006c4c00000, 0x00000006cf400000, 0x000000076c400000)
  object space 172032K, 0% used [0x00000006c4c00000,0x00000006c4c06000,0x00000006cf400000)
 Metaspace       used 12864K, capacity 13772K, committed 13952K, reserved 1060864K
  class space    used 1633K, capacity 1842K, committed 1920K, reserved 1048576K
}
Event: 1.003 GC heap before
{Heap before GC invocations=2 (full 0):
 PSYoungGen      total 75264K, used 69510K [0x000000076c400000, 0x0000000771800000, 0x00000007c0000000)
  eden space 64512K, 95% used [0x000000076c400000,0x000000077006bed0,0x0000000770300000)
  from space 10752K, 71% used [0x0000000770300000,0x0000000770a75c00,0x0000000770d80000)
  to   space 10752K, 0% used [0x0000000770d80000,0x0000000770d80000,0x0000000771800000)
 ParOldGen       total 172032K, used 24K [0x00000006c4c00000, 0x00000006cf400000, 0x000000076c400000)
  object space 172032K, 0% used [0x00000006c4c00000,0x00000006c4c06000,0x00000006cf400000)
 Metaspace       used 19871K, capacity 21222K, committed 21296K, reserved 1067008K
  class space    used 2545K, capacity 2839K, committed 2864K, reserved 1048576K
Event: 1.010 GC heap after
Heap after GC invocations=2 (full 0):
 PSYoungGen      total 75264K, used 10208K [0x000000076c400000, 0x0000000771800000, 0x00000007c0000000)
  eden space 64512K, 0% used [0x000000076c400000,0x000000076c400000,0x0000000770300000)
  from space 10752K, 94% used [0x0000000770d80000,0x00000007717780e0,0x0000000771800000)
  to   space 10752K, 0% used [0x0000000770300000,0x0000000770300000,0x0000000770d80000)
 ParOldGen       total 172032K, used 32K [0x00000006c4c00000, 0x00000006cf400000, 0x000000076c400000)
  object space 172032K, 0% used [0x00000006c4c00000,0x00000006c4c08000,0x00000006cf400000)
 Metaspace       used 19871K, capacity 21222K, committed 21296K, reserved 1067008K
  class space    used 2545K, capacity 2839K, committed 2864K, reserved 1048576K
}
Event: 1.010 GC heap before
{Heap before GC invocations=3 (full 1):
 PSYoungGen      total 75264K, used 10208K [0x000000076c400000, 0x0000000771800000, 0x00000007c0000000)
  eden space 64512K, 0% used [0x000000076c400000,0x000000076c400000,0x0000000770300000)
  from space 10752K, 94% used [0x0000000770d80000,0x00000007717780e0,0x0000000771800000)
  to   space 10752K, 0% used [0x0000000770300000,0x0000000770300000,0x0000000770d80000)
 ParOldGen       total 172032K, used 32K [0x00000006c4c00000, 0x00000006cf400000, 0x000000076c400000)
  object space 172032K, 0% used [0x00000006c4c00000,0x00000006c4c08000,0x00000006cf400000)
 Metaspace       used 19871K, capacity 21222K, committed 21296K, reserved 1067008K
  class space    used 2545K, capacity 2839K, committed 2864K, reserved 1048576K
Event: 1.029 GC heap after
Heap after GC invocations=3 (full 1):
 PSYoungGen      total 75264K, used 0K [0x000000076c400000, 0x0000000771800000, 0x00000007c0000000)
  eden space 64512K, 0% used [0x000000076c400000,0x000000076c400000,0x0000000770300000)
  from space 10752K, 0% used [0x0000000770d80000,0x0000000770d80000,0x0000000771800000)
  to   space 10752K, 0% used [0x0000000770300000,0x0000000770300000,0x0000000770d80000)
 ParOldGen       total 112128K, used 9805K [0x00000006c4c00000, 0x00000006cb980000, 0x000000076c400000)
  object space 112128K, 8% used [0x00000006c4c00000,0x00000006c5593628,0x00000006cb980000)
 Metaspace       used 19871K, capacity 21222K, committed 21296K, reserved 1067008K
  class space    used 2545K, capacity 2839K, committed 2864K, reserved 1048576K
}
Event: 1.118 GC heap before
{Heap before GC invocations=4 (full 1):
 PSYoungGen      total 75264K, used 64512K [0x000000076c400000, 0x0000000771800000, 0x00000007c0000000)
  eden space 64512K, 100% used [0x000000076c400000,0x0000000770300000,0x0000000770300000)
  from space 10752K, 0% used [0x0000000770d80000,0x0000000770d80000,0x0000000771800000)
  to   space 10752K, 0% used [0x0000000770300000,0x0000000770300000,0x0000000770d80000)
 ParOldGen       total 112128K, used 9805K [0x00000006c4c00000, 0x00000006cb980000, 0x000000076c400000)
  object space 112128K, 8% used [0x00000006c4c00000,0x00000006c5593628,0x00000006cb980000)
 Metaspace       used 22381K, capacity 23888K, committed 23984K, reserved 1071104K
  class space    used 2927K, capacity 3246K, committed 3248K, reserved 1048576K
Event: 1.120 GC heap after
Heap after GC invocations=4 (full 1):
 PSYoungGen      total 75264K, used 3795K [0x000000076c400000, 0x0000000773400000, 0x00000007c0000000)
  eden space 64512K, 0% used [0x000000076c400000,0x000000076c400000,0x0000000770300000)
  from space 10752K, 35% used [0x0000000770300000,0x00000007706b4c88,0x0000000770d80000)
  to   space 10752K, 0% used [0x0000000772980000,0x0000000772980000,0x0000000773400000)
 ParOldGen       total 112128K, used 9813K [0x00000006c4c00000, 0x00000006cb980000, 0x000000076c400000)
  object space 112128K, 8% used [0x00000006c4c00000,0x00000006c5595628,0x00000006cb980000)
 Metaspace       used 22381K, capacity 23888K, committed 23984K, reserved 1071104K
  class space    used 2927K, capacity 3246K, committed 3248K, reserved 1048576K
}

